<?xml version="1.0" encoding="UTF-8"?>
<coverage generated="1735106019721" clover="3.2.0">
  <project timestamp="1735106019721" name="All files">
    <metrics statements="59" coveredstatements="56" conditionals="28" coveredconditionals="26" methods="10" coveredmethods="9" elements="97" coveredelements="91" complexity="0" loc="59" ncloc="59" packages="1" files="2" classes="2"/>
    <file name="gameboard.js" path="/Users/adrianblaze/Desktop/projects/battleship/gameboard.js">
      <metrics statements="51" coveredstatements="48" conditionals="25" coveredconditionals="23" methods="7" coveredmethods="6"/>
      <line num="1" count="1" type="stmt"/>
      <line num="5" count="60" type="stmt"/>
      <line num="6" count="6" type="stmt"/>
      <line num="7" count="6" type="stmt"/>
      <line num="8" count="6" type="stmt"/>
      <line num="9" count="6" type="stmt"/>
      <line num="10" count="6" type="stmt"/>
      <line num="11" count="6" type="stmt"/>
      <line num="12" count="6" type="stmt"/>
      <line num="13" count="6" type="stmt"/>
      <line num="19" count="15" type="cond" truecount="2" falsecount="0"/>
      <line num="20" count="14" type="stmt"/>
      <line num="21" count="14" type="stmt"/>
      <line num="22" count="14" type="stmt"/>
      <line num="23" count="14" type="stmt"/>
      <line num="26" count="14" type="cond" truecount="2" falsecount="0"/>
      <line num="32" count="4" type="stmt"/>
      <line num="35" count="10" type="stmt"/>
      <line num="36" count="10" type="stmt"/>
      <line num="39" count="10" type="stmt"/>
      <line num="40" count="7" type="stmt"/>
      <line num="42" count="15" type="cond" truecount="2" falsecount="0"/>
      <line num="43" count="8" type="stmt"/>
      <line num="44" count="8" type="cond" truecount="3" falsecount="1"/>
      <line num="45" count="0" type="stmt"/>
      <line num="48" count="8" type="stmt"/>
      <line num="49" count="8" type="stmt"/>
      <line num="50" count="8" type="stmt"/>
      <line num="52" count="7" type="stmt"/>
      <line num="53" count="7" type="cond" truecount="3" falsecount="1"/>
      <line num="54" count="0" type="stmt"/>
      <line num="56" count="7" type="stmt"/>
      <line num="57" count="7" type="stmt"/>
      <line num="58" count="7" type="stmt"/>
      <line num="62" count="10" type="stmt"/>
      <line num="64" count="1" type="stmt"/>
      <line num="68" count="0" type="stmt"/>
      <line num="72" count="3" type="stmt"/>
      <line num="73" count="3" type="stmt"/>
      <line num="74" count="3" type="stmt"/>
      <line num="76" count="3" type="stmt"/>
      <line num="77" count="3" type="stmt"/>
      <line num="81" count="8" type="cond" truecount="2" falsecount="0"/>
      <line num="83" count="7" type="cond" truecount="4" falsecount="0"/>
      <line num="84" count="3" type="stmt"/>
      <line num="85" count="3" type="stmt"/>
      <line num="87" count="4" type="stmt"/>
      <line num="88" count="4" type="stmt"/>
      <line num="89" count="4" type="stmt"/>
      <line num="93" count="3" type="stmt"/>
      <line num="103" count="1" type="stmt"/>
    </file>
    <file name="ship.js" path="/Users/adrianblaze/Desktop/projects/battleship/ship.js">
      <metrics statements="8" coveredstatements="8" conditionals="3" coveredconditionals="3" methods="3" coveredmethods="3"/>
      <line num="1" count="2" type="stmt"/>
      <line num="3" count="33" type="stmt"/>
      <line num="6" count="5" type="stmt"/>
      <line num="7" count="5" type="stmt"/>
      <line num="8" count="5" type="stmt"/>
      <line num="11" count="5" type="cond" truecount="2" falsecount="0"/>
      <line num="12" count="3" type="stmt"/>
      <line num="14" count="2" type="stmt"/>
    </file>
  </project>
</coverage>
