{"/Users/adrianblaze/Desktop/projects/battleship/gameboard.js": {"path":"/Users/adrianblaze/Desktop/projects/battleship/gameboard.js","statementMap":{"0":{"start":{"line":1,"column":13},"end":{"line":1,"column":33}},"1":{"start":{"line":5,"column":2},"end":{"line":5,"column":74}},"2":{"start":{"line":5,"column":48},"end":{"line":5,"column":72}},"3":{"start":{"line":6,"column":2},"end":{"line":6,"column":40}},"4":{"start":{"line":7,"column":2},"end":{"line":7,"column":35}},"5":{"start":{"line":8,"column":2},"end":{"line":8,"column":32}},"6":{"start":{"line":9,"column":2},"end":{"line":9,"column":34}},"7":{"start":{"line":10,"column":2},"end":{"line":10,"column":34}},"8":{"start":{"line":16,"column":2},"end":{"line":60,"column":3}},"9":{"start":{"line":17,"column":15},"end":{"line":17,"column":16}},"10":{"start":{"line":18,"column":20},"end":{"line":18,"column":30}},"11":{"start":{"line":19,"column":23},"end":{"line":19,"column":47}},"12":{"start":{"line":20,"column":23},"end":{"line":20,"column":47}},"13":{"start":{"line":23,"column":3},"end":{"line":30,"column":4}},"14":{"start":{"line":29,"column":4},"end":{"line":29,"column":35}},"15":{"start":{"line":32,"column":3},"end":{"line":32,"column":31}},"16":{"start":{"line":33,"column":3},"end":{"line":33,"column":11}},"17":{"start":{"line":36,"column":3},"end":{"line":58,"column":4}},"18":{"start":{"line":37,"column":4},"end":{"line":57,"column":5}},"19":{"start":{"line":37,"column":17},"end":{"line":37,"column":18}},"20":{"start":{"line":39,"column":5},"end":{"line":56,"column":6}},"21":{"start":{"line":40,"column":20},"end":{"line":40,"column":27}},"22":{"start":{"line":41,"column":6},"end":{"line":43,"column":7}},"23":{"start":{"line":42,"column":7},"end":{"line":42,"column":38}},"24":{"start":{"line":45,"column":6},"end":{"line":45,"column":38}},"25":{"start":{"line":46,"column":6},"end":{"line":46,"column":20}},"26":{"start":{"line":47,"column":6},"end":{"line":47,"column":14}},"27":{"start":{"line":49,"column":20},"end":{"line":49,"column":27}},"28":{"start":{"line":50,"column":6},"end":{"line":52,"column":7}},"29":{"start":{"line":51,"column":7},"end":{"line":51,"column":38}},"30":{"start":{"line":53,"column":6},"end":{"line":53,"column":14}},"31":{"start":{"line":54,"column":6},"end":{"line":54,"column":38}},"32":{"start":{"line":55,"column":6},"end":{"line":55,"column":20}},"33":{"start":{"line":59,"column":3},"end":{"line":59,"column":15}},"34":{"start":{"line":61,"column":2},"end":{"line":61,"column":28}},"35":{"start":{"line":65,"column":2},"end":{"line":65,"column":20}},"36":{"start":{"line":69,"column":21},"end":{"line":69,"column":37}},"37":{"start":{"line":70,"column":2},"end":{"line":70,"column":24}},"38":{"start":{"line":71,"column":2},"end":{"line":71,"column":9}},"39":{"start":{"line":75,"column":2},"end":{"line":75,"column":64}},"40":{"start":{"line":75,"column":30},"end":{"line":75,"column":64}},"41":{"start":{"line":77,"column":2},"end":{"line":80,"column":3}},"42":{"start":{"line":78,"column":3},"end":{"line":78,"column":20}},"43":{"start":{"line":79,"column":3},"end":{"line":79,"column":17}},"44":{"start":{"line":81,"column":2},"end":{"line":81,"column":17}},"45":{"start":{"line":85,"column":11},"end":{"line":85,"column":26}},"46":{"start":{"line":86,"column":0},"end":{"line":86,"column":36}},"47":{"start":{"line":87,"column":0},"end":{"line":87,"column":35}},"48":{"start":{"line":88,"column":0},"end":{"line":88,"column":30}},"49":{"start":{"line":89,"column":0},"end":{"line":89,"column":30}},"50":{"start":{"line":90,"column":0},"end":{"line":90,"column":38}},"51":{"start":{"line":91,"column":0},"end":{"line":91,"column":16}},"52":{"start":{"line":92,"column":0},"end":{"line":92,"column":27}}},"fnMap":{"0":{"name":"(anonymous_0)","decl":{"start":{"line":4,"column":1},"end":{"line":4,"column":2}},"loc":{"start":{"line":4,"column":15},"end":{"line":11,"column":2}},"line":4},"1":{"name":"(anonymous_1)","decl":{"start":{"line":5,"column":42},"end":{"line":5,"column":43}},"loc":{"start":{"line":5,"column":48},"end":{"line":5,"column":72}},"line":5},"2":{"name":"(anonymous_2)","decl":{"start":{"line":14,"column":1},"end":{"line":14,"column":2}},"loc":{"start":{"line":14,"column":46},"end":{"line":62,"column":2}},"line":14},"3":{"name":"(anonymous_3)","decl":{"start":{"line":64,"column":1},"end":{"line":64,"column":2}},"loc":{"start":{"line":64,"column":12},"end":{"line":66,"column":2}},"line":64},"4":{"name":"(anonymous_4)","decl":{"start":{"line":68,"column":1},"end":{"line":68,"column":2}},"loc":{"start":{"line":68,"column":13},"end":{"line":72,"column":2}},"line":68},"5":{"name":"(anonymous_5)","decl":{"start":{"line":74,"column":1},"end":{"line":74,"column":2}},"loc":{"start":{"line":74,"column":21},"end":{"line":82,"column":2}},"line":74}},"branchMap":{"0":{"loc":{"start":{"line":14,"column":25},"end":{"line":14,"column":44}},"type":"default-arg","locations":[{"start":{"line":14,"column":40},"end":{"line":14,"column":44}}],"line":14},"1":{"loc":{"start":{"line":16,"column":2},"end":{"line":60,"column":3}},"type":"if","locations":[{"start":{"line":16,"column":2},"end":{"line":60,"column":3}},{"start":{},"end":{}}],"line":16},"2":{"loc":{"start":{"line":23,"column":3},"end":{"line":30,"column":4}},"type":"if","locations":[{"start":{"line":23,"column":3},"end":{"line":30,"column":4}},{"start":{},"end":{}}],"line":23},"3":{"loc":{"start":{"line":24,"column":4},"end":{"line":27,"column":21}},"type":"binary-expr","locations":[{"start":{"line":24,"column":4},"end":{"line":24,"column":21}},{"start":{"line":25,"column":4},"end":{"line":25,"column":21}},{"start":{"line":26,"column":4},"end":{"line":26,"column":21}},{"start":{"line":27,"column":4},"end":{"line":27,"column":21}}],"line":24},"4":{"loc":{"start":{"line":39,"column":5},"end":{"line":56,"column":6}},"type":"if","locations":[{"start":{"line":39,"column":5},"end":{"line":56,"column":6}},{"start":{"line":48,"column":12},"end":{"line":56,"column":6}}],"line":39},"5":{"loc":{"start":{"line":41,"column":6},"end":{"line":43,"column":7}},"type":"if","locations":[{"start":{"line":41,"column":6},"end":{"line":43,"column":7}},{"start":{},"end":{}}],"line":41},"6":{"loc":{"start":{"line":41,"column":10},"end":{"line":41,"column":36}},"type":"binary-expr","locations":[{"start":{"line":41,"column":10},"end":{"line":41,"column":21}},{"start":{"line":41,"column":25},"end":{"line":41,"column":36}}],"line":41},"7":{"loc":{"start":{"line":50,"column":6},"end":{"line":52,"column":7}},"type":"if","locations":[{"start":{"line":50,"column":6},"end":{"line":52,"column":7}},{"start":{},"end":{}}],"line":50},"8":{"loc":{"start":{"line":50,"column":10},"end":{"line":50,"column":36}},"type":"binary-expr","locations":[{"start":{"line":50,"column":10},"end":{"line":50,"column":21}},{"start":{"line":50,"column":25},"end":{"line":50,"column":36}}],"line":50},"9":{"loc":{"start":{"line":75,"column":2},"end":{"line":75,"column":64}},"type":"if","locations":[{"start":{"line":75,"column":2},"end":{"line":75,"column":64}},{"start":{},"end":{}}],"line":75},"10":{"loc":{"start":{"line":77,"column":2},"end":{"line":80,"column":3}},"type":"if","locations":[{"start":{"line":77,"column":2},"end":{"line":80,"column":3}},{"start":{},"end":{}}],"line":77}},"s":{"0":1,"1":4,"2":40,"3":4,"4":4,"5":4,"6":4,"7":4,"8":18,"9":17,"10":17,"11":17,"12":17,"13":17,"14":2,"15":15,"16":15,"17":15,"18":11,"19":11,"20":25,"21":13,"22":13,"23":0,"24":13,"25":13,"26":13,"27":12,"28":12,"29":0,"30":12,"31":12,"32":12,"33":15,"34":1,"35":0,"36":2,"37":2,"38":2,"39":4,"40":1,"41":3,"42":2,"43":2,"44":1,"45":1,"46":1,"47":1,"48":1,"49":1,"50":1,"51":1,"52":1},"f":{"0":4,"1":40,"2":18,"3":0,"4":2,"5":4},"b":{"0":[13],"1":[17,1],"2":[2,15],"3":[17,15,15,15],"4":[13,12],"5":[0,13],"6":[13,13],"7":[0,12],"8":[12,12],"9":[1,3],"10":[2,1]},"_coverageSchema":"1a1c01bbd47fc00a2c39e90264f33305004495a9","hash":"5858c7ac6991c0f6007ed3000bd38384b63afc4c"}
,"/Users/adrianblaze/Desktop/projects/battleship/ship.js": {"path":"/Users/adrianblaze/Desktop/projects/battleship/ship.js","statementMap":{"0":{"start":{"line":1,"column":0},"end":{"line":16,"column":2}},"1":{"start":{"line":3,"column":2},"end":{"line":3,"column":59}},"2":{"start":{"line":6,"column":2},"end":{"line":6,"column":17}},"3":{"start":{"line":7,"column":2},"end":{"line":7,"column":28}},"4":{"start":{"line":8,"column":2},"end":{"line":8,"column":19}},"5":{"start":{"line":11,"column":2},"end":{"line":13,"column":3}},"6":{"start":{"line":12,"column":3},"end":{"line":12,"column":29}},"7":{"start":{"line":14,"column":2},"end":{"line":14,"column":15}}},"fnMap":{"0":{"name":"(anonymous_0)","decl":{"start":{"line":2,"column":1},"end":{"line":2,"column":2}},"loc":{"start":{"line":2,"column":38},"end":{"line":4,"column":2}},"line":2},"1":{"name":"(anonymous_1)","decl":{"start":{"line":5,"column":1},"end":{"line":5,"column":2}},"loc":{"start":{"line":5,"column":7},"end":{"line":9,"column":2}},"line":5},"2":{"name":"(anonymous_2)","decl":{"start":{"line":10,"column":1},"end":{"line":10,"column":2}},"loc":{"start":{"line":10,"column":10},"end":{"line":15,"column":2}},"line":10}},"branchMap":{"0":{"loc":{"start":{"line":2,"column":24},"end":{"line":2,"column":36}},"type":"default-arg","locations":[{"start":{"line":2,"column":31},"end":{"line":2,"column":36}}],"line":2},"1":{"loc":{"start":{"line":11,"column":2},"end":{"line":13,"column":3}},"type":"if","locations":[{"start":{"line":11,"column":2},"end":{"line":13,"column":3}},{"start":{},"end":{}}],"line":11}},"s":{"0":2,"1":23,"2":2,"3":2,"4":2,"5":2,"6":1,"7":1},"f":{"0":23,"1":2,"2":2},"b":{"0":[23],"1":[1,1]},"_coverageSchema":"1a1c01bbd47fc00a2c39e90264f33305004495a9","hash":"163865711ea1d10eff93f16e05db7bd671e2add8"}
}
