{"/Users/adrianblaze/Desktop/projects/battleship/src/gameboard.js": {"path":"/Users/adrianblaze/Desktop/projects/battleship/src/gameboard.js","statementMap":{"0":{"start":{"line":3,"column":2},"end":{"line":3,"column":59}},"1":{"start":{"line":6,"column":2},"end":{"line":6,"column":17}},"2":{"start":{"line":7,"column":2},"end":{"line":7,"column":28}},"3":{"start":{"line":8,"column":2},"end":{"line":8,"column":19}},"4":{"start":{"line":11,"column":2},"end":{"line":13,"column":3}},"5":{"start":{"line":12,"column":3},"end":{"line":12,"column":29}},"6":{"start":{"line":14,"column":2},"end":{"line":14,"column":15}},"7":{"start":{"line":20,"column":2},"end":{"line":20,"column":19}},"8":{"start":{"line":21,"column":2},"end":{"line":21,"column":74}},"9":{"start":{"line":21,"column":48},"end":{"line":21,"column":72}},"10":{"start":{"line":22,"column":2},"end":{"line":28,"column":4}},"11":{"start":{"line":29,"column":2},"end":{"line":29,"column":18}},"12":{"start":{"line":30,"column":2},"end":{"line":30,"column":21}},"13":{"start":{"line":31,"column":2},"end":{"line":31,"column":49}},"14":{"start":{"line":37,"column":2},"end":{"line":84,"column":3}},"15":{"start":{"line":38,"column":15},"end":{"line":38,"column":16}},"16":{"start":{"line":39,"column":20},"end":{"line":39,"column":36}},"17":{"start":{"line":40,"column":23},"end":{"line":40,"column":47}},"18":{"start":{"line":41,"column":23},"end":{"line":41,"column":47}},"19":{"start":{"line":44,"column":3},"end":{"line":51,"column":4}},"20":{"start":{"line":50,"column":4},"end":{"line":50,"column":22}},"21":{"start":{"line":53,"column":3},"end":{"line":55,"column":4}},"22":{"start":{"line":54,"column":4},"end":{"line":54,"column":40}},"23":{"start":{"line":56,"column":3},"end":{"line":56,"column":31}},"24":{"start":{"line":57,"column":3},"end":{"line":57,"column":11}},"25":{"start":{"line":60,"column":3},"end":{"line":82,"column":4}},"26":{"start":{"line":61,"column":4},"end":{"line":81,"column":5}},"27":{"start":{"line":61,"column":17},"end":{"line":61,"column":18}},"28":{"start":{"line":63,"column":5},"end":{"line":80,"column":6}},"29":{"start":{"line":64,"column":20},"end":{"line":64,"column":27}},"30":{"start":{"line":65,"column":6},"end":{"line":67,"column":7}},"31":{"start":{"line":66,"column":7},"end":{"line":66,"column":25}},"32":{"start":{"line":69,"column":6},"end":{"line":69,"column":38}},"33":{"start":{"line":70,"column":6},"end":{"line":70,"column":20}},"34":{"start":{"line":71,"column":6},"end":{"line":71,"column":14}},"35":{"start":{"line":73,"column":20},"end":{"line":73,"column":27}},"36":{"start":{"line":74,"column":6},"end":{"line":76,"column":7}},"37":{"start":{"line":75,"column":7},"end":{"line":75,"column":25}},"38":{"start":{"line":77,"column":6},"end":{"line":77,"column":14}},"39":{"start":{"line":78,"column":6},"end":{"line":78,"column":38}},"40":{"start":{"line":79,"column":6},"end":{"line":79,"column":20}},"41":{"start":{"line":83,"column":3},"end":{"line":83,"column":15}},"42":{"start":{"line":85,"column":2},"end":{"line":85,"column":28}},"43":{"start":{"line":89,"column":2},"end":{"line":89,"column":20}},"44":{"start":{"line":93,"column":21},"end":{"line":93,"column":37}},"45":{"start":{"line":94,"column":2},"end":{"line":94,"column":26}},"46":{"start":{"line":95,"column":2},"end":{"line":95,"column":31}},"47":{"start":{"line":97,"column":2},"end":{"line":97,"column":22}},"48":{"start":{"line":98,"column":2},"end":{"line":98,"column":9}},"49":{"start":{"line":102,"column":2},"end":{"line":102,"column":64}},"50":{"start":{"line":102,"column":30},"end":{"line":102,"column":64}},"51":{"start":{"line":104,"column":2},"end":{"line":106,"column":3}},"52":{"start":{"line":105,"column":3},"end":{"line":105,"column":28}},"53":{"start":{"line":108,"column":2},"end":{"line":108,"column":66}},"54":{"start":{"line":108,"column":59},"end":{"line":108,"column":66}},"55":{"start":{"line":109,"column":2},"end":{"line":112,"column":3}},"56":{"start":{"line":110,"column":3},"end":{"line":110,"column":20}},"57":{"start":{"line":111,"column":3},"end":{"line":111,"column":17}},"58":{"start":{"line":113,"column":2},"end":{"line":113,"column":25}},"59":{"start":{"line":114,"column":2},"end":{"line":114,"column":19}},"60":{"start":{"line":115,"column":2},"end":{"line":115,"column":17}},"61":{"start":{"line":119,"column":22},"end":{"line":119,"column":52}},"62":{"start":{"line":120,"column":20},"end":{"line":120,"column":21}},"63":{"start":{"line":122,"column":2},"end":{"line":126,"column":5}},"64":{"start":{"line":123,"column":3},"end":{"line":125,"column":4}},"65":{"start":{"line":124,"column":4},"end":{"line":124,"column":18}},"66":{"start":{"line":127,"column":2},"end":{"line":129,"column":3}},"67":{"start":{"line":128,"column":3},"end":{"line":128,"column":28}},"68":{"start":{"line":131,"column":2},"end":{"line":131,"column":37}},"69":{"start":{"line":135,"column":2},"end":{"line":137,"column":3}},"70":{"start":{"line":136,"column":3},"end":{"line":136,"column":15}},"71":{"start":{"line":138,"column":2},"end":{"line":138,"column":15}},"72":{"start":{"line":143,"column":2},"end":{"line":143,"column":35}}},"fnMap":{"0":{"name":"(anonymous_0)","decl":{"start":{"line":2,"column":1},"end":{"line":2,"column":2}},"loc":{"start":{"line":2,"column":38},"end":{"line":4,"column":2}},"line":2},"1":{"name":"(anonymous_1)","decl":{"start":{"line":5,"column":1},"end":{"line":5,"column":2}},"loc":{"start":{"line":5,"column":7},"end":{"line":9,"column":2}},"line":5},"2":{"name":"(anonymous_2)","decl":{"start":{"line":10,"column":1},"end":{"line":10,"column":2}},"loc":{"start":{"line":10,"column":10},"end":{"line":15,"column":2}},"line":10},"3":{"name":"(anonymous_3)","decl":{"start":{"line":19,"column":1},"end":{"line":19,"column":2}},"loc":{"start":{"line":19,"column":26},"end":{"line":32,"column":2}},"line":19},"4":{"name":"(anonymous_4)","decl":{"start":{"line":21,"column":42},"end":{"line":21,"column":43}},"loc":{"start":{"line":21,"column":48},"end":{"line":21,"column":72}},"line":21},"5":{"name":"(anonymous_5)","decl":{"start":{"line":35,"column":1},"end":{"line":35,"column":2}},"loc":{"start":{"line":35,"column":46},"end":{"line":86,"column":2}},"line":35},"6":{"name":"(anonymous_6)","decl":{"start":{"line":88,"column":1},"end":{"line":88,"column":2}},"loc":{"start":{"line":88,"column":12},"end":{"line":90,"column":2}},"line":88},"7":{"name":"(anonymous_7)","decl":{"start":{"line":92,"column":1},"end":{"line":92,"column":2}},"loc":{"start":{"line":92,"column":13},"end":{"line":99,"column":2}},"line":92},"8":{"name":"(anonymous_8)","decl":{"start":{"line":101,"column":1},"end":{"line":101,"column":2}},"loc":{"start":{"line":101,"column":21},"end":{"line":116,"column":2}},"line":101},"9":{"name":"(anonymous_9)","decl":{"start":{"line":118,"column":1},"end":{"line":118,"column":2}},"loc":{"start":{"line":118,"column":18},"end":{"line":132,"column":2}},"line":118},"10":{"name":"(anonymous_10)","decl":{"start":{"line":122,"column":37},"end":{"line":122,"column":38}},"loc":{"start":{"line":122,"column":44},"end":{"line":126,"column":3}},"line":122},"11":{"name":"(anonymous_11)","decl":{"start":{"line":134,"column":1},"end":{"line":134,"column":2}},"loc":{"start":{"line":134,"column":26},"end":{"line":139,"column":2}},"line":134},"12":{"name":"(anonymous_12)","decl":{"start":{"line":142,"column":1},"end":{"line":142,"column":2}},"loc":{"start":{"line":142,"column":19},"end":{"line":144,"column":2}},"line":142}},"branchMap":{"0":{"loc":{"start":{"line":2,"column":24},"end":{"line":2,"column":36}},"type":"default-arg","locations":[{"start":{"line":2,"column":31},"end":{"line":2,"column":36}}],"line":2},"1":{"loc":{"start":{"line":11,"column":2},"end":{"line":13,"column":3}},"type":"if","locations":[{"start":{"line":11,"column":2},"end":{"line":13,"column":3}},{"start":{},"end":{}}],"line":11},"2":{"loc":{"start":{"line":19,"column":13},"end":{"line":19,"column":24}},"type":"default-arg","locations":[{"start":{"line":19,"column":20},"end":{"line":19,"column":24}}],"line":19},"3":{"loc":{"start":{"line":35,"column":25},"end":{"line":35,"column":44}},"type":"default-arg","locations":[{"start":{"line":35,"column":40},"end":{"line":35,"column":44}}],"line":35},"4":{"loc":{"start":{"line":37,"column":2},"end":{"line":84,"column":3}},"type":"if","locations":[{"start":{"line":37,"column":2},"end":{"line":84,"column":3}},{"start":{},"end":{}}],"line":37},"5":{"loc":{"start":{"line":44,"column":3},"end":{"line":51,"column":4}},"type":"if","locations":[{"start":{"line":44,"column":3},"end":{"line":51,"column":4}},{"start":{},"end":{}}],"line":44},"6":{"loc":{"start":{"line":45,"column":4},"end":{"line":48,"column":21}},"type":"binary-expr","locations":[{"start":{"line":45,"column":4},"end":{"line":45,"column":21}},{"start":{"line":46,"column":4},"end":{"line":46,"column":21}},{"start":{"line":47,"column":4},"end":{"line":47,"column":21}},{"start":{"line":48,"column":4},"end":{"line":48,"column":21}}],"line":45},"7":{"loc":{"start":{"line":53,"column":3},"end":{"line":55,"column":4}},"type":"if","locations":[{"start":{"line":53,"column":3},"end":{"line":55,"column":4}},{"start":{},"end":{}}],"line":53},"8":{"loc":{"start":{"line":63,"column":5},"end":{"line":80,"column":6}},"type":"if","locations":[{"start":{"line":63,"column":5},"end":{"line":80,"column":6}},{"start":{"line":72,"column":12},"end":{"line":80,"column":6}}],"line":63},"9":{"loc":{"start":{"line":65,"column":6},"end":{"line":67,"column":7}},"type":"if","locations":[{"start":{"line":65,"column":6},"end":{"line":67,"column":7}},{"start":{},"end":{}}],"line":65},"10":{"loc":{"start":{"line":65,"column":10},"end":{"line":65,"column":36}},"type":"binary-expr","locations":[{"start":{"line":65,"column":10},"end":{"line":65,"column":21}},{"start":{"line":65,"column":25},"end":{"line":65,"column":36}}],"line":65},"11":{"loc":{"start":{"line":74,"column":6},"end":{"line":76,"column":7}},"type":"if","locations":[{"start":{"line":74,"column":6},"end":{"line":76,"column":7}},{"start":{},"end":{}}],"line":74},"12":{"loc":{"start":{"line":74,"column":10},"end":{"line":74,"column":36}},"type":"binary-expr","locations":[{"start":{"line":74,"column":10},"end":{"line":74,"column":21}},{"start":{"line":74,"column":25},"end":{"line":74,"column":36}}],"line":74},"13":{"loc":{"start":{"line":102,"column":2},"end":{"line":102,"column":64}},"type":"if","locations":[{"start":{"line":102,"column":2},"end":{"line":102,"column":64}},{"start":{},"end":{}}],"line":102},"14":{"loc":{"start":{"line":104,"column":2},"end":{"line":106,"column":3}},"type":"if","locations":[{"start":{"line":104,"column":2},"end":{"line":106,"column":3}},{"start":{},"end":{}}],"line":104},"15":{"loc":{"start":{"line":104,"column":6},"end":{"line":104,"column":52}},"type":"binary-expr","locations":[{"start":{"line":104,"column":6},"end":{"line":104,"column":27}},{"start":{"line":104,"column":31},"end":{"line":104,"column":52}}],"line":104},"16":{"loc":{"start":{"line":108,"column":2},"end":{"line":108,"column":66}},"type":"if","locations":[{"start":{"line":108,"column":2},"end":{"line":108,"column":66}},{"start":{},"end":{}}],"line":108},"17":{"loc":{"start":{"line":108,"column":6},"end":{"line":108,"column":57}},"type":"binary-expr","locations":[{"start":{"line":108,"column":6},"end":{"line":108,"column":29}},{"start":{"line":108,"column":33},"end":{"line":108,"column":57}}],"line":108},"18":{"loc":{"start":{"line":109,"column":2},"end":{"line":112,"column":3}},"type":"if","locations":[{"start":{"line":109,"column":2},"end":{"line":112,"column":3}},{"start":{},"end":{}}],"line":109},"19":{"loc":{"start":{"line":109,"column":6},"end":{"line":109,"column":63}},"type":"binary-expr","locations":[{"start":{"line":109,"column":6},"end":{"line":109,"column":30}},{"start":{"line":109,"column":34},"end":{"line":109,"column":63}}],"line":109},"20":{"loc":{"start":{"line":123,"column":3},"end":{"line":125,"column":4}},"type":"if","locations":[{"start":{"line":123,"column":3},"end":{"line":125,"column":4}},{"start":{},"end":{}}],"line":123},"21":{"loc":{"start":{"line":127,"column":2},"end":{"line":129,"column":3}},"type":"if","locations":[{"start":{"line":127,"column":2},"end":{"line":129,"column":3}},{"start":{},"end":{}}],"line":127},"22":{"loc":{"start":{"line":135,"column":2},"end":{"line":137,"column":3}},"type":"if","locations":[{"start":{"line":135,"column":2},"end":{"line":137,"column":3}},{"start":{},"end":{}}],"line":135}},"s":{"0":48,"1":21,"2":21,"3":21,"4":21,"5":9,"6":12,"7":9,"8":9,"9":90,"10":9,"11":9,"12":9,"13":9,"14":30,"15":29,"16":29,"17":29,"18":29,"19":29,"20":3,"21":26,"22":0,"23":26,"24":26,"25":26,"26":19,"27":19,"28":45,"29":23,"30":23,"31":0,"32":23,"33":23,"34":23,"35":22,"36":22,"37":0,"38":22,"39":22,"40":22,"41":26,"42":1,"43":0,"44":19,"45":19,"46":19,"47":19,"48":19,"49":24,"50":1,"51":23,"52":0,"53":23,"54":0,"55":23,"56":19,"57":19,"58":4,"59":4,"60":4,"61":3,"62":3,"63":3,"64":15,"65":6,"66":3,"67":1,"68":2,"69":2,"70":1,"71":1,"72":2},"f":{"0":48,"1":21,"2":21,"3":9,"4":90,"5":30,"6":0,"7":19,"8":24,"9":3,"10":15,"11":2,"12":2},"b":{"0":[48],"1":[9,12],"2":[9],"3":[20],"4":[29,1],"5":[3,26],"6":[29,26,26,26],"7":[0,26],"8":[23,22],"9":[0,23],"10":[23,23],"11":[0,22],"12":[22,22],"13":[1,23],"14":[0,23],"15":[23,23],"16":[0,23],"17":[23,23],"18":[19,4],"19":[23,4],"20":[6,9],"21":[1,2],"22":[1,1]},"_coverageSchema":"1a1c01bbd47fc00a2c39e90264f33305004495a9","hash":"8dd9af2adc15d27a878257b5b41214df0718b07b"}
}
