TN:
SF:src/gameboard.js
FN:2,(anonymous_0)
FN:5,(anonymous_1)
FN:10,(anonymous_2)
FN:19,(anonymous_3)
FN:21,(anonymous_4)
FN:35,(anonymous_5)
FN:85,(anonymous_6)
FN:89,(anonymous_7)
FN:98,(anonymous_8)
FN:110,(anonymous_9)
FN:114,(anonymous_10)
FN:128,(anonymous_11)
FNF:12
FNH:11
FNDA:43,(anonymous_0)
FNDA:21,(anonymous_1)
FNDA:21,(anonymous_2)
FNDA:8,(anonymous_3)
FNDA:80,(anonymous_4)
FNDA:29,(anonymous_5)
FNDA:0,(anonymous_6)
FNDA:19,(anonymous_7)
FNDA:24,(anonymous_8)
FNDA:3,(anonymous_9)
FNDA:15,(anonymous_10)
FNDA:1,(anonymous_11)
DA:3,43
DA:6,21
DA:7,21
DA:8,21
DA:11,21
DA:12,9
DA:14,12
DA:20,8
DA:21,80
DA:22,8
DA:29,8
DA:30,8
DA:31,8
DA:37,29
DA:38,28
DA:39,28
DA:40,28
DA:41,28
DA:44,28
DA:50,3
DA:53,25
DA:54,25
DA:57,25
DA:58,19
DA:60,45
DA:61,23
DA:62,23
DA:63,0
DA:66,23
DA:67,23
DA:68,23
DA:70,22
DA:71,22
DA:72,0
DA:74,22
DA:75,22
DA:76,22
DA:80,25
DA:82,1
DA:86,0
DA:90,19
DA:91,19
DA:92,19
DA:94,19
DA:95,19
DA:99,24
DA:101,23
DA:102,19
DA:103,19
DA:105,4
DA:106,4
DA:107,4
DA:111,3
DA:112,3
DA:114,3
DA:115,15
DA:116,6
DA:119,3
DA:120,1
DA:123,2
DA:129,1
LF:61
LH:58
BRDA:2,0,0,43
BRDA:11,1,0,9
BRDA:11,1,1,12
BRDA:19,2,0,8
BRDA:35,3,0,19
BRDA:37,4,0,28
BRDA:37,4,1,1
BRDA:44,5,0,3
BRDA:44,5,1,25
BRDA:45,6,0,28
BRDA:45,6,1,25
BRDA:45,6,2,25
BRDA:45,6,3,25
BRDA:60,7,0,23
BRDA:60,7,1,22
BRDA:62,8,0,0
BRDA:62,8,1,23
BRDA:62,9,0,23
BRDA:62,9,1,23
BRDA:71,10,0,0
BRDA:71,10,1,22
BRDA:71,11,0,22
BRDA:71,11,1,22
BRDA:99,12,0,1
BRDA:99,12,1,23
BRDA:101,13,0,19
BRDA:101,13,1,4
BRDA:101,14,0,23
BRDA:101,14,1,4
BRDA:115,15,0,6
BRDA:115,15,1,9
BRDA:119,16,0,1
BRDA:119,16,1,2
BRF:33
BRH:31
end_of_record
