TN:
SF:gameboard.js
FN:4,(anonymous_0)
FN:5,(anonymous_1)
FN:13,(anonymous_2)
FN:43,(anonymous_3)
FN:47,(anonymous_4)
FN:49,(anonymous_5)
FNF:6
FNH:4
FNDA:3,(anonymous_0)
FNDA:30,(anonymous_1)
FNDA:5,(anonymous_2)
FNDA:0,(anonymous_3)
FNDA:0,(anonymous_4)
FNDA:3,(anonymous_5)
DA:1,1
DA:5,30
DA:6,3
DA:7,3
DA:8,3
DA:9,3
DA:10,3
DA:14,5
DA:15,5
DA:16,5
DA:18,5
DA:19,4
DA:20,4
DA:21,4
DA:23,4
DA:24,3
DA:25,12
DA:26,12
DA:28,12
DA:29,12
DA:31,12
DA:32,12
DA:33,12
DA:35,12
DA:38,4
DA:40,1
DA:44,0
DA:50,3
DA:52,2
DA:53,1
DA:55,1
DA:59,1
DA:61,1
DA:64,1
LF:34
LH:33
BRDA:18,0,0,4
BRDA:18,0,1,1
BRDA:28,1,0,0
BRDA:28,1,1,12
BRDA:28,2,0,12
BRDA:28,2,1,12
BRDA:29,3,0,0
BRDA:29,3,1,12
BRDA:29,4,0,12
BRDA:29,4,1,12
BRDA:50,5,0,1
BRDA:50,5,1,2
BRDA:52,6,0,1
BRDA:52,6,1,1
BRF:14
BRH:12
end_of_record
TN:
SF:ship.js
FN:2,(anonymous_0)
FN:5,(anonymous_1)
FN:10,(anonymous_2)
FNF:3
FNH:3
FNDA:18,(anonymous_0)
FNDA:2,(anonymous_1)
FNDA:2,(anonymous_2)
DA:1,2
DA:3,18
DA:6,2
DA:7,2
DA:8,2
DA:11,2
DA:12,1
DA:14,1
LF:8
LH:8
BRDA:2,0,0,18
BRDA:11,1,0,1
BRDA:11,1,1,1
BRF:3
BRH:3
end_of_record
